{
  "/Users/joe/Documents/work/react-template/src/App.tsx": {
    "path": "/Users/joe/Documents/work/react-template/src/App.tsx",
    "statementMap": {
      "0": { "start": { "line": 20, "column": 0 }, "end": { "line": 20, "column": 15 } },
      "1": { "start": { "line": 3, "column": 7 }, "end": { "line": 3, "column": null } },
      "2": { "start": { "line": 4, "column": 19 }, "end": { "line": 4, "column": null } },
      "3": { "start": { "line": 5, "column": 17 }, "end": { "line": 5, "column": null } },
      "4": { "start": { "line": 6, "column": 25 }, "end": { "line": 6, "column": null } },
      "5": { "start": { "line": 7, "column": 19 }, "end": { "line": 7, "column": null } },
      "6": { "start": { "line": 20, "column": 15 }, "end": { "line": 20, "column": null } }
    },
    "fnMap": {
      "0": {
        "name": "(anonymous_0)",
        "decl": { "start": { "line": 20, "column": 0 }, "end": { "line": 20, "column": 15 } },
        "loc": { "start": { "line": 20, "column": 0 }, "end": { "line": 20, "column": 15 } }
      },
      "1": {
        "name": "App",
        "decl": { "start": { "line": 9, "column": 9 }, "end": { "line": 9, "column": 15 } },
        "loc": { "start": { "line": 9, "column": 15 }, "end": { "line": 18, "column": null } }
      }
    },
    "branchMap": {},
    "s": { "0": 1, "1": 1, "2": 1, "3": 1, "4": 1, "5": 1, "6": 1 },
    "f": { "0": 1, "1": 1 },
    "b": {}
  },
  "/Users/joe/Documents/work/react-template/src/components/Footer/Footer.tsx": {
    "path": "/Users/joe/Documents/work/react-template/src/components/Footer/Footer.tsx",
    "statementMap": {
      "0": { "start": { "line": 86, "column": 0 }, "end": { "line": 86, "column": 15 } },
      "1": { "start": { "line": 1, "column": 32 }, "end": { "line": 1, "column": null } },
      "2": { "start": { "line": 86, "column": 15 }, "end": { "line": 86, "column": null } }
    },
    "fnMap": {
      "0": {
        "name": "(anonymous_0)",
        "decl": { "start": { "line": 86, "column": 0 }, "end": { "line": 86, "column": 15 } },
        "loc": { "start": { "line": 86, "column": 0 }, "end": { "line": 86, "column": 15 } }
      }
    },
    "branchMap": {},
    "s": { "0": 1, "1": 1, "2": 1 },
    "f": { "0": 1 },
    "b": {}
  },
  "/Users/joe/Documents/work/react-template/src/components/Hero/Hero.tsx": {
    "path": "/Users/joe/Documents/work/react-template/src/components/Hero/Hero.tsx",
    "statementMap": {
      "0": { "start": { "line": 22, "column": 0 }, "end": { "line": 22, "column": 15 } },
      "1": { "start": { "line": 1, "column": 18 }, "end": { "line": 1, "column": null } },
      "2": { "start": { "line": 22, "column": 15 }, "end": { "line": 22, "column": null } }
    },
    "fnMap": {
      "0": {
        "name": "(anonymous_0)",
        "decl": { "start": { "line": 22, "column": 0 }, "end": { "line": 22, "column": 15 } },
        "loc": { "start": { "line": 22, "column": 0 }, "end": { "line": 22, "column": 15 } }
      }
    },
    "branchMap": {},
    "s": { "0": 1, "1": 1, "2": 1 },
    "f": { "0": 1 },
    "b": {}
  },
  "/Users/joe/Documents/work/react-template/src/components/LoginSection/LoginSection.tsx": {
    "path": "/Users/joe/Documents/work/react-template/src/components/LoginSection/LoginSection.tsx",
    "statementMap": {
      "0": { "start": { "line": 41, "column": 0 }, "end": { "line": 41, "column": 15 } },
      "1": { "start": { "line": 1, "column": 18 }, "end": { "line": 1, "column": null } },
      "2": { "start": { "line": 41, "column": 15 }, "end": { "line": 41, "column": null } }
    },
    "fnMap": {
      "0": {
        "name": "(anonymous_0)",
        "decl": { "start": { "line": 41, "column": 0 }, "end": { "line": 41, "column": 15 } },
        "loc": { "start": { "line": 41, "column": 0 }, "end": { "line": 41, "column": 15 } }
      }
    },
    "branchMap": {},
    "s": { "0": 1, "1": 1, "2": 1 },
    "f": { "0": 1 },
    "b": {}
  },
  "/Users/joe/Documents/work/react-template/src/components/Navbar/Navbar.tsx": {
    "path": "/Users/joe/Documents/work/react-template/src/components/Navbar/Navbar.tsx",
    "statementMap": {
      "0": { "start": { "line": 82, "column": 0 }, "end": { "line": 82, "column": 15 } },
      "1": { "start": { "line": 1, "column": 18 }, "end": { "line": 1, "column": null } },
      "2": { "start": { "line": 82, "column": 15 }, "end": { "line": 82, "column": null } }
    },
    "fnMap": {
      "0": {
        "name": "(anonymous_0)",
        "decl": { "start": { "line": 82, "column": 0 }, "end": { "line": 82, "column": 15 } },
        "loc": { "start": { "line": 82, "column": 0 }, "end": { "line": 82, "column": 15 } }
      }
    },
    "branchMap": {},
    "s": { "0": 1, "1": 1, "2": 1 },
    "f": { "0": 1 },
    "b": {}
  },
  "/Users/joe/Documents/work/react-template/src/stories/Button.stories.tsx": {
    "path": "/Users/joe/Documents/work/react-template/src/stories/Button.stories.tsx",
    "statementMap": {
      "0": { "start": { "line": 19, "column": 23 }, "end": { "line": 19, "column": 41 } },
      "1": { "start": { "line": 21, "column": 0 }, "end": { "line": 24, "column": null } },
      "2": { "start": { "line": 26, "column": 25 }, "end": { "line": 26, "column": 43 } },
      "3": { "start": { "line": 27, "column": 0 }, "end": { "line": 29, "column": null } },
      "4": { "start": { "line": 31, "column": 21 }, "end": { "line": 31, "column": 39 } },
      "5": { "start": { "line": 32, "column": 0 }, "end": { "line": 35, "column": null } },
      "6": { "start": { "line": 37, "column": 21 }, "end": { "line": 37, "column": 39 } },
      "7": { "start": { "line": 38, "column": 0 }, "end": { "line": 41, "column": null } }
    },
    "fnMap": {},
    "branchMap": {},
    "s": { "0": 0, "1": 0, "2": 0, "3": 0, "4": 0, "5": 0, "6": 0, "7": 0 },
    "f": {},
    "b": {}
  },
  "/Users/joe/Documents/work/react-template/src/stories/Button.tsx": {
    "path": "/Users/joe/Documents/work/react-template/src/stories/Button.tsx",
    "statementMap": {
      "0": { "start": { "line": 30, "column": 22 }, "end": { "line": 48, "column": 2 } },
      "1": { "start": { "line": 37, "column": 15 }, "end": { "line": 37, "column": 84 } }
    },
    "fnMap": {
      "0": {
        "name": "(anonymous_0)",
        "decl": { "start": { "line": 30, "column": 22 }, "end": { "line": 30, "column": 23 } },
        "loc": { "start": { "line": 36, "column": 19 }, "end": { "line": 48, "column": 2 } }
      }
    },
    "branchMap": {
      "0": {
        "loc": { "start": { "line": 31, "column": 2 }, "end": { "line": 31, "column": 17 } },
        "type": "default-arg",
        "locations": [
          { "start": { "line": 31, "column": 12 }, "end": { "line": 31, "column": 17 } }
        ]
      },
      "1": {
        "loc": { "start": { "line": 32, "column": 2 }, "end": { "line": 32, "column": 17 } },
        "type": "default-arg",
        "locations": [{ "start": { "line": 32, "column": 9 }, "end": { "line": 32, "column": 17 } }]
      },
      "2": {
        "loc": { "start": { "line": 37, "column": 15 }, "end": { "line": 37, "column": 84 } },
        "type": "cond-expr",
        "locations": [
          { "start": { "line": 37, "column": 25 }, "end": { "line": 37, "column": 55 } },
          { "start": { "line": 37, "column": 55 }, "end": { "line": 37, "column": 84 } }
        ]
      }
    },
    "s": { "0": 0, "1": 0 },
    "f": { "0": 0 },
    "b": { "0": [0], "1": [0], "2": [0, 0] }
  },
  "/Users/joe/Documents/work/react-template/src/stories/Header.stories.tsx": {
    "path": "/Users/joe/Documents/work/react-template/src/stories/Header.stories.tsx",
    "statementMap": {
      "0": { "start": { "line": 17, "column": 24 }, "end": { "line": 17, "column": 42 } },
      "1": { "start": { "line": 18, "column": 0 }, "end": { "line": 22, "column": null } },
      "2": { "start": { "line": 24, "column": 25 }, "end": { "line": 24, "column": 43 } },
      "3": { "start": { "line": 25, "column": 0 }, "end": { "line": 25, "column": null } }
    },
    "fnMap": {},
    "branchMap": {},
    "s": { "0": 0, "1": 0, "2": 0, "3": 0 },
    "f": {},
    "b": {}
  },
  "/Users/joe/Documents/work/react-template/src/stories/Header.tsx": {
    "path": "/Users/joe/Documents/work/react-template/src/stories/Header.tsx",
    "statementMap": {
      "0": { "start": { "line": 17, "column": 22 }, "end": { "line": 56, "column": null } },
      "1": { "start": { "line": 18, "column": 2 }, "end": { "line": 56, "column": null } }
    },
    "fnMap": {
      "0": {
        "name": "(anonymous_0)",
        "decl": { "start": { "line": 17, "column": 22 }, "end": { "line": 17, "column": 23 } },
        "loc": { "start": { "line": 18, "column": 2 }, "end": { "line": 56, "column": null } }
      }
    },
    "branchMap": {
      "0": {
        "loc": { "start": { "line": 40, "column": 9 }, "end": { "line": 52, "column": null } },
        "type": "cond-expr",
        "locations": [
          { "start": { "line": 41, "column": 10 }, "end": { "line": 48, "column": null } },
          { "start": { "line": 48, "column": 10 }, "end": { "line": 52, "column": null } }
        ]
      }
    },
    "s": { "0": 0, "1": 0 },
    "f": { "0": 0 },
    "b": { "0": [0, 0] }
  },
  "/Users/joe/Documents/work/react-template/src/stories/Page.stories.tsx": {
    "path": "/Users/joe/Documents/work/react-template/src/stories/Page.stories.tsx",
    "statementMap": {
      "0": { "start": { "line": 17, "column": 25 }, "end": { "line": 17, "column": 43 } },
      "1": { "start": { "line": 19, "column": 24 }, "end": { "line": 19, "column": 42 } },
      "2": { "start": { "line": 22, "column": 0 }, "end": { "line": 26, "column": null } },
      "3": { "start": { "line": 23, "column": 17 }, "end": { "line": 23, "column": null } },
      "4": { "start": { "line": 24, "column": 22 }, "end": { "line": 24, "column": null } },
      "5": { "start": { "line": 25, "column": 2 }, "end": { "line": 25, "column": null } }
    },
    "fnMap": {
      "0": {
        "name": "(anonymous_1)",
        "decl": { "start": { "line": 22, "column": 16 }, "end": { "line": 22, "column": 23 } },
        "loc": { "start": { "line": 22, "column": 45 }, "end": { "line": 26, "column": null } }
      }
    },
    "branchMap": {},
    "s": { "0": 0, "1": 0, "2": 0, "3": 0, "4": 0, "5": 0 },
    "f": { "0": 0 },
    "b": {}
  },
  "/Users/joe/Documents/work/react-template/src/stories/Page.tsx": {
    "path": "/Users/joe/Documents/work/react-template/src/stories/Page.tsx",
    "statementMap": {
      "0": { "start": { "line": 10, "column": 31 }, "end": { "line": 73, "column": 2 } },
      "1": { "start": { "line": 11, "column": 26 }, "end": { "line": 11, "column": null } },
      "2": { "start": { "line": 17, "column": 23 }, "end": { "line": 17, "column": null } },
      "3": { "start": { "line": 18, "column": 24 }, "end": { "line": 18, "column": null } },
      "4": { "start": { "line": 19, "column": 31 }, "end": { "line": 19, "column": null } }
    },
    "fnMap": {
      "0": {
        "name": "(anonymous_0)",
        "decl": { "start": { "line": 10, "column": 31 }, "end": { "line": 10, "column": 37 } },
        "loc": { "start": { "line": 10, "column": 37 }, "end": { "line": 73, "column": 2 } }
      },
      "1": {
        "name": "(anonymous_1)",
        "decl": { "start": { "line": 17, "column": 17 }, "end": { "line": 17, "column": 23 } },
        "loc": { "start": { "line": 17, "column": 23 }, "end": { "line": 17, "column": null } }
      },
      "2": {
        "name": "(anonymous_2)",
        "decl": { "start": { "line": 18, "column": 18 }, "end": { "line": 18, "column": 24 } },
        "loc": { "start": { "line": 18, "column": 24 }, "end": { "line": 18, "column": null } }
      },
      "3": {
        "name": "(anonymous_3)",
        "decl": { "start": { "line": 19, "column": 25 }, "end": { "line": 19, "column": 31 } },
        "loc": { "start": { "line": 19, "column": 31 }, "end": { "line": 19, "column": null } }
      }
    },
    "branchMap": {},
    "s": { "0": 0, "1": 0, "2": 0, "3": 0, "4": 0 },
    "f": { "0": 0, "1": 0, "2": 0, "3": 0 },
    "b": {}
  }
}
